2023/04/20 11:25:57 [emerg] 1#1: host not found in upstream "php-fpm" in /etc/nginx/conf.d/default.conf:33
2023/04/20 11:29:10 [notice] 1#1: using the "epoll" event method
2023/04/20 11:29:10 [notice] 1#1: nginx/1.23.4
2023/04/20 11:29:10 [notice] 1#1: built by gcc 12.2.1 20220924 (Alpine 12.2.1_git20220924-r4) 
2023/04/20 11:29:10 [notice] 1#1: OS: Linux 5.10.16.3-microsoft-standard-WSL2
2023/04/20 11:29:10 [notice] 1#1: getrlimit(RLIMIT_NOFILE): 1048576:1048576
2023/04/20 11:29:10 [notice] 1#1: start worker processes
2023/04/20 11:29:10 [notice] 1#1: start worker process 22
2023/04/20 11:29:10 [notice] 1#1: start worker process 23
2023/04/20 11:29:10 [notice] 1#1: start worker process 24
2023/04/20 11:29:10 [notice] 1#1: start worker process 25
2023/04/20 11:30:59 [error] 24#24: *5 directory index of "/var/www/" is forbidden, client: 172.18.0.1, server: localhost, request: "GET / HTTP/1.1", host: "localhost"
2023/04/20 11:30:59 [error] 24#24: *5 open() "/var/www/favicon.ico" failed (2: No such file or directory), client: 172.18.0.1, server: localhost, request: "GET /favicon.ico HTTP/1.1", host: "localhost", referrer: "http://localhost/"
2023/04/20 11:31:00 [error] 24#24: *5 directory index of "/var/www/" is forbidden, client: 172.18.0.1, server: localhost, request: "GET / HTTP/1.1", host: "localhost"
2023/04/20 11:31:00 [error] 24#24: *5 open() "/var/www/favicon.ico" failed (2: No such file or directory), client: 172.18.0.1, server: localhost, request: "GET /favicon.ico HTTP/1.1", host: "localhost", referrer: "http://localhost/"
2023/04/20 11:32:24 [error] 22#22: *7 directory index of "/var/www/" is forbidden, client: 172.18.0.1, server: localhost, request: "GET / HTTP/1.1", host: "localhost"
2023/04/20 11:32:25 [error] 22#22: *7 directory index of "/var/www/" is forbidden, client: 172.18.0.1, server: localhost, request: "GET / HTTP/1.1", host: "localhost"
2023/04/20 11:32:25 [error] 22#22: *7 directory index of "/var/www/" is forbidden, client: 172.18.0.1, server: localhost, request: "GET / HTTP/1.1", host: "localhost"
2023/04/20 11:32:25 [error] 22#22: *7 directory index of "/var/www/" is forbidden, client: 172.18.0.1, server: localhost, request: "GET / HTTP/1.1", host: "localhost"
2023/04/20 11:32:25 [error] 22#22: *7 directory index of "/var/www/" is forbidden, client: 172.18.0.1, server: localhost, request: "GET / HTTP/1.1", host: "localhost"
2023/04/20 11:32:25 [error] 22#22: *7 directory index of "/var/www/" is forbidden, client: 172.18.0.1, server: localhost, request: "GET / HTTP/1.1", host: "localhost"
2023/04/20 11:32:25 [error] 22#22: *7 directory index of "/var/www/" is forbidden, client: 172.18.0.1, server: localhost, request: "GET / HTTP/1.1", host: "localhost"
2023/04/20 11:34:30 [notice] 1#1: signal 3 (SIGQUIT) received, shutting down
2023/04/20 11:34:30 [notice] 22#22: gracefully shutting down
2023/04/20 11:34:30 [notice] 23#23: gracefully shutting down
2023/04/20 11:34:30 [notice] 22#22: exiting
2023/04/20 11:34:30 [notice] 23#23: exiting
2023/04/20 11:34:30 [notice] 25#25: gracefully shutting down
2023/04/20 11:34:30 [notice] 24#24: gracefully shutting down
2023/04/20 11:34:30 [notice] 24#24: exiting
2023/04/20 11:34:30 [notice] 25#25: exiting
2023/04/20 11:34:30 [notice] 22#22: exit
2023/04/20 11:34:30 [notice] 23#23: exit
2023/04/20 11:34:30 [notice] 25#25: exit
2023/04/20 11:34:30 [notice] 24#24: exit
2023/04/20 11:34:30 [notice] 1#1: signal 17 (SIGCHLD) received from 22
2023/04/20 11:34:30 [notice] 1#1: worker process 22 exited with code 0
2023/04/20 11:34:30 [notice] 1#1: signal 29 (SIGIO) received
2023/04/20 11:34:30 [notice] 1#1: signal 17 (SIGCHLD) received from 23
2023/04/20 11:34:30 [notice] 1#1: worker process 23 exited with code 0
2023/04/20 11:34:30 [notice] 1#1: worker process 24 exited with code 0
2023/04/20 11:34:30 [notice] 1#1: signal 29 (SIGIO) received
2023/04/20 11:34:30 [notice] 1#1: signal 17 (SIGCHLD) received from 25
2023/04/20 11:34:30 [notice] 1#1: worker process 25 exited with code 0
2023/04/20 11:34:30 [notice] 1#1: exit
2023/04/20 11:34:44 [notice] 1#1: using the "epoll" event method
2023/04/20 11:34:44 [notice] 1#1: nginx/1.23.4
2023/04/20 11:34:44 [notice] 1#1: built by gcc 12.2.1 20220924 (Alpine 12.2.1_git20220924-r4) 
2023/04/20 11:34:44 [notice] 1#1: OS: Linux 5.10.16.3-microsoft-standard-WSL2
2023/04/20 11:34:44 [notice] 1#1: getrlimit(RLIMIT_NOFILE): 1048576:1048576
2023/04/20 11:34:44 [notice] 1#1: start worker processes
2023/04/20 11:34:44 [notice] 1#1: start worker process 22
2023/04/20 11:34:44 [notice] 1#1: start worker process 23
2023/04/20 11:34:44 [notice] 1#1: start worker process 24
2023/04/20 11:34:44 [notice] 1#1: start worker process 25
2023/04/20 11:41:35 [notice] 1#1: signal 3 (SIGQUIT) received, shutting down
2023/04/20 11:41:35 [notice] 22#22: gracefully shutting down
2023/04/20 11:41:35 [notice] 23#23: gracefully shutting down
2023/04/20 11:41:35 [notice] 25#25: gracefully shutting down
2023/04/20 11:41:35 [notice] 24#24: gracefully shutting down
2023/04/20 11:41:35 [notice] 23#23: exiting
2023/04/20 11:41:35 [notice] 24#24: exiting
2023/04/20 11:41:35 [notice] 25#25: exiting
2023/04/20 11:41:35 [notice] 22#22: exiting
2023/04/20 11:41:35 [notice] 23#23: exit
2023/04/20 11:41:35 [notice] 24#24: exit
2023/04/20 11:41:35 [notice] 25#25: exit
2023/04/20 11:41:35 [notice] 22#22: exit
2023/04/20 11:41:35 [notice] 1#1: signal 17 (SIGCHLD) received from 23
2023/04/20 11:41:35 [notice] 1#1: worker process 22 exited with code 0
2023/04/20 11:41:35 [notice] 1#1: worker process 23 exited with code 0
2023/04/20 11:41:35 [notice] 1#1: worker process 25 exited with code 0
2023/04/20 11:41:35 [notice] 1#1: signal 29 (SIGIO) received
2023/04/20 11:41:35 [notice] 1#1: signal 17 (SIGCHLD) received from 25
2023/04/20 11:41:35 [notice] 1#1: signal 17 (SIGCHLD) received from 24
2023/04/20 11:41:35 [notice] 1#1: worker process 24 exited with code 0
2023/04/20 11:41:35 [notice] 1#1: exit
2023/04/20 11:41:44 [notice] 1#1: using the "epoll" event method
2023/04/20 11:41:44 [notice] 1#1: nginx/1.23.4
2023/04/20 11:41:44 [notice] 1#1: built by gcc 12.2.1 20220924 (Alpine 12.2.1_git20220924-r4) 
2023/04/20 11:41:44 [notice] 1#1: OS: Linux 5.10.16.3-microsoft-standard-WSL2
2023/04/20 11:41:44 [notice] 1#1: getrlimit(RLIMIT_NOFILE): 1048576:1048576
2023/04/20 11:41:44 [notice] 1#1: start worker processes
2023/04/20 11:41:44 [notice] 1#1: start worker process 23
2023/04/20 11:41:44 [notice] 1#1: start worker process 24
2023/04/20 11:41:44 [notice] 1#1: start worker process 25
2023/04/20 11:41:44 [notice] 1#1: start worker process 26
2023/04/20 11:42:03 [error] 23#23: *1 open() "/var/www/favicon.ico" failed (2: No such file or directory), client: 10.5.0.1, server: localhost, request: "GET /favicon.ico HTTP/1.1", host: "ad.zl.test", referrer: "http://ad.zl.test/"
2023/04/20 11:43:42 [notice] 1#1: signal 3 (SIGQUIT) received, shutting down
2023/04/20 11:43:42 [notice] 23#23: gracefully shutting down
2023/04/20 11:43:42 [notice] 24#24: gracefully shutting down
2023/04/20 11:43:42 [notice] 25#25: gracefully shutting down
2023/04/20 11:43:42 [notice] 23#23: exiting
2023/04/20 11:43:42 [notice] 24#24: exiting
2023/04/20 11:43:42 [notice] 25#25: exiting
2023/04/20 11:43:42 [notice] 24#24: exit
2023/04/20 11:43:42 [notice] 25#25: exit
2023/04/20 11:43:42 [notice] 23#23: exit
2023/04/20 11:43:42 [notice] 26#26: gracefully shutting down
2023/04/20 11:43:42 [notice] 26#26: exiting
2023/04/20 11:43:42 [notice] 26#26: exit
2023/04/20 11:43:42 [notice] 1#1: signal 17 (SIGCHLD) received from 24
2023/04/20 11:43:42 [notice] 1#1: worker process 23 exited with code 0
2023/04/20 11:43:42 [notice] 1#1: worker process 24 exited with code 0
2023/04/20 11:43:42 [notice] 1#1: worker process 25 exited with code 0
2023/04/20 11:43:42 [notice] 1#1: worker process 26 exited with code 0
2023/04/20 11:43:42 [notice] 1#1: exit
2023/04/20 11:43:44 [emerg] 1#1: host not found in upstream "php-fpm" in /etc/nginx/conf.d/ad.zl.test.conf:32
2023/04/20 11:44:16 [notice] 1#1: using the "epoll" event method
2023/04/20 11:44:16 [notice] 1#1: nginx/1.23.4
2023/04/20 11:44:16 [notice] 1#1: built by gcc 12.2.1 20220924 (Alpine 12.2.1_git20220924-r4) 
2023/04/20 11:44:16 [notice] 1#1: OS: Linux 5.10.16.3-microsoft-standard-WSL2
2023/04/20 11:44:16 [notice] 1#1: getrlimit(RLIMIT_NOFILE): 1048576:1048576
2023/04/20 11:44:16 [notice] 1#1: start worker processes
2023/04/20 11:44:16 [notice] 1#1: start worker process 22
2023/04/20 11:44:16 [notice] 1#1: start worker process 23
2023/04/20 11:44:16 [notice] 1#1: start worker process 24
2023/04/20 11:44:16 [notice] 1#1: start worker process 25
